<?xml version="1.0" encoding="UTF-8"?>
<!-- Generated by org.testng.reporters.JUnitXMLReporter -->
<testsuite ignored="2" hostname="LAPTOP-CF2T1U0H" failures="0" tests="4" name="Test" time="0.08" errors="0" timestamp="2024-08-02T15:20:35 IST">
  <testcase classname="com.crm.orgtest.CreateOrgTest" name="createOrgTest" time="0.011"/>
  <testcase classname="com.crm.orgtest.CreateOrgTest" name="createOrgWithIndustry" time="0.001"/>
  <testcase classname="com.crm.contacttest.CreateContactTest" name="createContact" time="0.002"/>
  <testcase classname="com.crm.contacttest.CreateContactTest" name="createContactWithDate" time="0.002"/>
  <testcase classname="com.crm.generic.baseutility.BaseClass" name="@AfterSuite configAS" time="0.0">
    <ignored/>
  </testcase> <!-- @AfterSuite configAS -->
  <testcase classname="com.crm.generic.baseutility.BaseClass" name="@BeforeSuite configBS" time="0.0">
    <ignored/>
  </testcase> <!-- @BeforeSuite configBS -->
</testsuite> <!-- Test -->
