<?xml version="1.0" encoding="UTF-8"?>
<testng-results ignored="0" total="2" passed="2" failed="0" skipped="0">
  <reporter-output>
  </reporter-output>
  <suite started-at="2024-08-08T11:17:18 IST" name="Default suite" finished-at="2024-08-08T11:17:18 IST" duration-ms="42">
    <groups>
    </groups>
    <test started-at="2024-08-08T11:17:18 IST" name="Default test" finished-at="2024-08-08T11:17:18 IST" duration-ms="42">
      <class name="practice.testNg.SampleReportTest">
        <test-method is-config="true" signature="configBS()[pri:0, instance:practice.testNg.SampleReportTest@51e69659]" started-at="2024-08-08T11:17:18 IST" name="configBS" finished-at="2024-08-08T11:17:18 IST" duration-ms="271" status="PASS">
          <reporter-output>
          </reporter-output>
        </test-method> <!-- configBS -->
        <test-method signature="createContactTest()[pri:0, instance:practice.testNg.SampleReportTest@51e69659]" started-at="2024-08-08T11:17:18 IST" name="createContactTest" finished-at="2024-08-08T11:17:18 IST" duration-ms="13" status="PASS">
          <reporter-output>
          </reporter-output>
        </test-method> <!-- createContactTest -->
        <test-method signature="createContactWithSupportDateTest()[pri:0, instance:practice.testNg.SampleReportTest@51e69659]" started-at="2024-08-08T11:17:18 IST" name="createContactWithSupportDateTest" finished-at="2024-08-08T11:17:18 IST" duration-ms="1" status="PASS">
          <reporter-output>
          </reporter-output>
        </test-method> <!-- createContactWithSupportDateTest -->
        <test-method is-config="true" signature="configAS()[pri:0, instance:practice.testNg.SampleReportTest@51e69659]" started-at="2024-08-08T11:17:18 IST" name="configAS" finished-at="2024-08-08T11:17:18 IST" duration-ms="309" status="PASS">
          <reporter-output>
          </reporter-output>
        </test-method> <!-- configAS -->
      </class> <!-- practice.testNg.SampleReportTest -->
    </test> <!-- Default test -->
  </suite> <!-- Default suite -->
</testng-results>
